gga

tgacgc

g

act
caa
tga
tgc

gaca

gt

aaa
aag
taa
tgc

cgt

gcac

atcc

atgc

c

gaa
gtg
tga

atg
ggt
gtc

aac

ag

gatt

ttag

No common sequence.

ccag
ccca

ccg

t

ctag

ca

ggt

tgc

tgca

g
t

cgt

ctt
ttg

ag

ca

cga
ctc

ttgtt

tctcc

a

ag
cc
ct
gg
gt
tc

aat
aca

ggt

att
cct
gcc
taa
tca
tcc
ttc

ttc

agg
cct
cta
gga

tcg

tta

cgaa

gttg

atc
cat
ctt
tag
tca
tgg

ga

a
g

cgctcgct

ctat

ta

gaac

tatg

ggtg

ctt

agct

agc
cgc
gag
tta

tcca

gacct

g

caa

cgac

tt

a

atg
gct
tgt

tcgcc

aagcg

acg

tcgt

aggag

tg

ccctg
gaccc

gca

cgt

cac

ct

acg
gta

tct
tgt

atgg

gtcc

att

t

tta

No common sequence.

tct

ctaata

t

a

ag
at
gc

ggcg

t

gtgg

a

aag
ccc
gga

cc
ta
tc

tcta

tgcg

at
ct
gt
tc
tg

ag
tg

act
ctt
tac
tcc

ccccg
gcccc

ggtc

at
ct
ta
tc

a
t

tc

a
g
t

gtgggg

tagg

cacg

ggaga

c
g
t

ataa

gg
gt
ta
tc
tt

gta

gcg
ttg

aa
ag

atc

cg
gt
tc

cct

ac

ag
cc
ga

aatc

gttg

a
t

ag

ctt
gct
tct
tgc

a

cg

acgt
agga
ggaa

gag
gcc
tcg

a

gt
tg

gg
gt
tc
tg

cctga

a

ggtt

a

actctt

cacg
cgtc
tcga

cagcg

gata
tcgc

ccg
cgt
ggt
tag

tacc

aa
ag

tga

tg

act
tta

gctaa

at
ct
gc
ta
tg

agg
att
gta
tag

gcgtg

ccg

c

ac
at
ca
ct
ta

act

gta

cgc
gca
gcc
gta

ta
tt

gact
gttc

cca

a
t

cgc
gtc

cct
gcc

aat
aca
gac

aa
at
ct
ta
tc

acg

tg

gtg

at
gc
tg

cat
cta
tca
tcc
ttt

agg
ggc

gg

ctt

a
t

aa

aaga

a

ctc
gtc
tca

gtaag

acc
cac
ccg
tac

gcga

gtag

gatc

tg

tttt

ca
tc

tcata

aaacca

ac

cc

ta

cag
gca

tgat

cg
gt

aga

acc
caa
gcc

gcaa
ggca

ac
cg
gt
tc
tg

c
g

actt

aatc

gc
tc
tg

at

gaa
gcg
gtt
tcc

tt

ga
gg
gt
tg
tt

a

agt

a

ct
ta

agt
gcg
gta

tt

ccc

gga

aat
agt
atg
ctg
tag

aac

aca

No common sequence.

ac
gg
gt
ta

acatc

tagt

ag
at
cg
ga
gc
ta

g

gata
tctg

ac
at
ga
ta
tg

tct

aac
ccg
cga
gcc
tcc
tcg

ag
cg

a
g

gc

cttcat

tc

actagac

gca

atgct

tgg

ct

tc

atc
ccc

gt
tt

acta

tag

atg

ttgc

tagg

agt
cac
tgt

aa

agaa
gaat

tat

at

ct
gc

gatt
tcac

g

ccctg
tttcc

gat
ggg
tca

ac
at
cg
gt
tc
tg

acag
gtca

at
ta

at

aga
cgt
gaa
tga

ag
ct

acga
atac

a
c
g
t

tggg

act
aga
atg
tgg

a

gac
gtg

cgaa
gaat

gctg

tctc

caga

g

ac
ta

cga
cgc
gac

agt

a
g

cgg
ggt
tcg

cg
gc

ag
ga

gcca
gcta

ca
gc
gg
tg

ctg

gcat

aagc
gcta

cg

att

cg

gtaa
tagg

gaa

ac

ttgt

cgg

ttc

aaga
ctaa

aatg

atc

gcg
ggc

ata
cca
tat

atca

acaa

tgc

ttgg

gg

agg
gca

agt

cctc

at
cc

caatat

gtgct

gta

cca
gga
ggc

tctg
tggt

act
cac
ctt
ggt
tct
tgg

ac
ta

acga
gtgt

agt
tac
tta

ctcc

cta

gat
gtt
ttg

ctac
ttct

ata

ttg

aa
ac
at
ca
cc
ta
tg

ac

ggg

ag

cc

ata

aag

acc
cac
ccc
ctt

c
g
t

cca
cgt
taa

acaa
acga
taga
ttcc

cca

agat
atgc
gcgc

actc
aggt

aa

ca

aggg

agga

ctgt
gctg

ttc

ctgt

g

at

aggg

ggc

cgtat

aga
caa
tca
tcg
tgg

aac
acc
ccc
ccg
cct
tta

gg

cgt
gtg
tcg

aaccg

g

a

atca

actg
cccg

at

ca
cc
gc

ac
ag
ga

ttt

gaga

ggta
tatt

cat

cac

acg
act
cac
cta
gac
gga
ggc
tag

tc

gcccg

cg
ga
ta

atcgc

c
g

aaat
cgag

aatc

ac

aat
acg
ata
cgc

caa
cct
tca
tcc

ag
ta

ca
gt
tg

c
g

gtt

ata
atc

cg
ct
tt

agggat

ctg

ag
at
ct
ta
tc

gatg

aac
gaa
gtg

tagg

gg
tg

aac
acc
taa

cgc
cta

aag
ggt

tcg

g
t

aat
cca
tcc

acca

g

acgt

catt
ccga

ctt
gcg

at

ta
tc

cagtt
gcagt

acc
ctt
gcg
tac

aa

cc
gt

aaa
tca

ga
tg

ct
gt
tc
tg

ga
gg

att
tca

tctg

ggaaa

c

cac

c
t

taa

g

aca
cag
cca

cgg

cga

acc
ccg
gaa

atc

tt

tgt

ggc
ggg

g
t

c

tat
ttg

g

tgat

taa

c

cc

cg
gt

cccgg

g

acg

tt

tagagcc

ctc

ga
gg

cc
gc
tc
tt

agct

acca
cacc

gt
tt

cg
gg
ta

ccg
cgt
ctc
gtc
tcc
tct
tga

ccgtct

t

ata
cta

acgt
tacg

tgg

tgg

tac

aggc
ccaa
gcag

aca
caa
ctg

accg
ccgt
ctta

ata
gat

ac
ca
gt

gtac

a

att
tat
ttg
ttt

aga
gga

cc
gc

tga

cttg

ctc
gct

a

gg

ta

ga

ac
cc
ct
ta
tg

tgt
ttc

ta

tca

a

aac
acg
cga

gggtt

agt
gtg

ca

ttcgg

agggc

a
c

No common sequence.

cgcg

a
c

g

act

tag

cact
cttc

aag
aga
agt
cgg
gct
gga
gtc
gtt
tca
tgt

atg
tga
tta

ggtc

ccga
ggaa
gttc

act
gag

gac

atgg

acg
caa
tta

a

tcggtcg

aat
gca

aaaaa

gac

ccac

gat

cca
ttg

ctgacg

gt

ca
cc

gca

ttac

gttcg

ata
ccg

acca

a
t

ac
at
ca

aa

tag

attt
catg
tatt

gt

gaca
gcga
ggac

ct

cga

ga

tcg

ctgct

aggg

gg

ct
ga

cac

g

c

aggtt

catt

aat

ctg
gga

a
t

cggat

aag
cgc
gcg

ccct

taac
tcta

atg

cta

tcgt

c

aa
ag
ga
tc

ttat

agct
gcta
tcag

gaaa

gt
ta

t

atttc

c
t

ac
cg

gc

gta

aac
cag
gta
tat

No common sequence.

atga
tttg

cccca
ttcac

att
tta

tt

tgt
ttg

cgt
gcg
ggg

taa

g

cat
gca
ggc

ta

tagga

agtgat

caaa
gtcc
tgtc

tctt

cg
gt

ttcc

gga
ggt
tgg

ggccg

cat

gatt

aa
ca

ta

atgt

g

gat
gcc
tct

ccct

acc
ccg

gg
tt

a

ac

cagcc
gcagc

ggtt

gcaaa

acca

acag

g

aga

aac
aga

agg
cag

cgc

ttt

agcg
cagt
gcgc

cgc
tcc
tcg
ttc

tta

a
c
t

ccc
gtt
ttg

gac

acc

tact

gat
ggg

aattt

taag

tt

cg
gg
ta

gtga

a

at
cc
ct

agc
ata
cat

agcaa

ctcc

aacgg
acggt

ggtg
tgtc

cgc
gca
gcc
gga
tcg
ttg

tccg

aa
ca

atcgt

c

c

ccg

a
g
t

agt

cgcatg

ag
cg

gcag

cta
tac

ac
ca
ta

gaat
ttgc

cgtt

aaa
aat

cgt
gtc

acct

atct

tca

gt

atc

cat

cccag

cct
tga

cctt

tg

atca
atct

aata
atat
tatt

aa
ac
ag
ca

ag
gg

cgca

gag

ctc
gag
gtc
gtt
tca
ttg

ctcag

gta

ctg
tgt

a
g

ga
tg

aa

gtc
tcc

agc

acga
