1 1 0
2 1 1
3 1 0
4 1 1
5 1 0
6 1 1
7 1 0
8 1 1
9 1 0
10 1 1
11 1 0
12 1 1
13 1 0
14 1 1
15 1 0
16 1 1
17 1 0
18 1 1
19 1 0
20 1 1
21 1 0
2 2 2
3 2 3
4 2 5
5 2 8
6 2 13
7 2 21
8 2 34
9 2 55
10 2 89
11 2 144
12 2 233
13 2 377
14 2 610
15 2 987
16 2 1597
17 2 2584
18 2 4181
19 2 6765
20 2 10946
3 3 0
4 3 11
5 3 0
6 3 41
7 3 0
8 3 153
9 3 0
10 3 571
11 3 0
12 3 2131
13 3 0
14 3 7953
15 3 0
16 3 29681
17 3 0
18 3 110771
19 3 0
4 4 36
5 4 95
6 4 281
7 4 781
8 4 2245
9 4 6336
10 4 18061
11 4 51205
12 4 145601
13 4 413351
14 4 1174500
15 4 3335651
16 4 9475901
17 4 26915305
18 4 76455961
5 5 0
6 5 1183
7 5 0
8 5 14824
9 5 0
10 5 185921
11 5 0
12 5 2332097
13 5 0
14 5 29253160
15 5 0
16 5 366944287
17 5 0
6 6 6728
7 6 31529
8 6 167089
9 6 817991
10 6 4213133
11 6 21001799
12 6 106912793
13 6 536948224
14 6 2720246633
15 6 13704300553
16 6 69289288909
7 7 0
8 7 1292697
9 7 0
10 7 53175517
11 7 0
12 7 2188978117
13 7 0
14 7 90124167441
15 7 0
8 8 12988816
9 8 108435745
10 8 1031151241
11 8 8940739824
12 8 82741005829
13 8 731164253833
14 8 6675498237130
9 9 0
10 9 14479521761
11 9 0
12 9 1937528668711
13 9 0
10 10 258584046368
11 10 3852472573499
12 10 65743732590821
11 11 0
